The following modules were not unloaded:
  (Use "module --force purge" to unload all):

  1) CCconfig        6)  ucx/1.14.1         11) flexiblas/3.3.1
  2) gentoo/2023     7)  libfabric/1.18.0   12) blis/0.9.0
  3) gcccore/.12.3   8)  pmix/4.2.4         13) StdEnv/2023
  4) gcc/12.3        9)  ucc/1.2.0
  5) hwloc/2.9.1     10) openmpi/4.1.5
[BASELINES] Estimating empirical LMMSE covariances with num_batches=24 batch_size=48 mode=clean-channel
[EVAL] receiver=baseline_ls_2dlmmse_lmmse Eb/N0= 0.0 dB BER=2.65124e-01 BLER=1.00000e+00 NMSE=5.02502e-01 bit_err=39198327/147849216 blk_err=24576/24576  batches= 256
[EVAL] receiver=baseline_ls_2dlmmse_lmmse Eb/N0= 1.0 dB BER=2.50141e-01 BLER=1.00000e+00 NMSE=4.88234e-01 bit_err=36983102/147849216 blk_err=24576/24576  batches= 256
[EVAL] receiver=baseline_ls_2dlmmse_lmmse Eb/N0= 2.0 dB BER=2.35379e-01 BLER=1.00000e+00 NMSE=4.74671e-01 bit_err=34800535/147849216 blk_err=24576/24576  batches= 256
[EVAL] receiver=baseline_ls_2dlmmse_lmmse Eb/N0= 3.0 dB BER=2.22079e-01 BLER=1.00000e+00 NMSE=4.63103e-01 bit_err=32834171/147849216 blk_err=24576/24576  batches= 256
[EVAL] receiver=baseline_ls_2dlmmse_lmmse Eb/N0= 4.0 dB BER=2.10154e-01 BLER=9.99390e-01 NMSE=4.53451e-01 bit_err=31071141/147849216 blk_err=24561/24576  batches= 256
[EVAL] receiver=baseline_ls_2dlmmse_lmmse Eb/N0= 5.0 dB BER=2.00683e-01 BLER=9.95483e-01 NMSE=4.45553e-01 bit_err=29670763/147849216 blk_err=24465/24576  batches= 256
[EVAL] receiver=baseline_ls_2dlmmse_lmmse Eb/N0= 6.0 dB BER=1.92484e-01 BLER=9.87834e-01 NMSE=4.37907e-01 bit_err=28458604/147849216 blk_err=24277/24576  batches= 256
[EVAL] receiver=baseline_ls_2dlmmse_lmmse Eb/N0= 7.0 dB BER=1.85488e-01 BLER=9.77254e-01 NMSE=4.30173e-01 bit_err=27424320/147849216 blk_err=24017/24576  batches= 256
[EVAL] receiver=baseline_ls_2dlmmse_lmmse Eb/N0= 8.0 dB BER=1.80681e-01 BLER=9.62606e-01 NMSE=4.23745e-01 bit_err=26713614/147849216 blk_err=23657/24576  batches= 256
[EVAL] receiver=baseline_ls_2dlmmse_lmmse Eb/N0= 9.0 dB BER=1.76430e-01 BLER=9.51986e-01 NMSE=4.18782e-01 bit_err=26085030/147849216 blk_err=23396/24576  batches= 256
[EVAL] receiver=baseline_ls_2dlmmse_lmmse Eb/N0=10.0 dB BER=1.72547e-01 BLER=9.38965e-01 NMSE=4.12422e-01 bit_err=25510921/147849216 blk_err=23076/24576  batches= 256
[EVAL] receiver=baseline_ls_2dlmmse_lmmse Eb/N0=11.0 dB BER=1.69984e-01 BLER=9.30420e-01 NMSE=4.09157e-01 bit_err=25132052/147849216 blk_err=22866/24576  batches= 256
[EVAL] receiver=baseline_ls_2dlmmse_lmmse Eb/N0=12.0 dB BER=1.66286e-01 BLER=9.22567e-01 NMSE=4.00854e-01 bit_err=24585227/147849216 blk_err=22673/24576  batches= 256
[EVAL] receiver=baseline_ls_2dlmmse_lmmse Eb/N0=13.0 dB BER=1.64761e-01 BLER=9.20817e-01 NMSE=3.98087e-01 bit_err=24359745/147849216 blk_err=22630/24576  batches= 256
[EVAL] receiver=baseline_ls_2dlmmse_lmmse Eb/N0=14.0 dB BER=1.60587e-01 BLER=9.09261e-01 NMSE=3.88768e-01 bit_err=23742731/147849216 blk_err=22346/24576  batches= 256
[TWC_PLOTS2] wrote /home/rsadve1/PROJECT/Universal_Receiver_NEW/TWC_plots2/csv/twc_mild_main_curves.csv
