The following modules were not unloaded:
  (Use "module --force purge" to unload all):

  1) CCconfig        6)  ucx/1.14.1         11) flexiblas/3.3.1
  2) gentoo/2023     7)  libfabric/1.18.0   12) blis/0.9.0
  3) gcccore/.12.3   8)  pmix/4.2.4         13) StdEnv/2023
  4) gcc/12.3        9)  ucc/1.2.0
  5) hwloc/2.9.1     10) openmpi/4.1.5
[BASELINES] Estimating empirical LMMSE covariances with num_batches=24 batch_size=48 mode=clean-channel
[EVAL] receiver=baseline_ls_2dlmmse_lmmse Eb/N0= 0.0 dB BER=2.64729e-01 BLER=1.00000e+00 NMSE=4.90626e-01 bit_err=35808926/135266304 blk_err=24576/24576  batches= 256
[EVAL] receiver=baseline_ls_2dlmmse_lmmse Eb/N0= 1.0 dB BER=2.49469e-01 BLER=1.00000e+00 NMSE=4.77761e-01 bit_err=33744708/135266304 blk_err=24576/24576  batches= 256
[EVAL] receiver=baseline_ls_2dlmmse_lmmse Eb/N0= 2.0 dB BER=2.35214e-01 BLER=1.00000e+00 NMSE=4.66009e-01 bit_err=31816576/135266304 blk_err=24576/24576  batches= 256
[EVAL] receiver=baseline_ls_2dlmmse_lmmse Eb/N0= 3.0 dB BER=2.21838e-01 BLER=1.00000e+00 NMSE=4.55059e-01 bit_err=30007267/135266304 blk_err=24576/24576  batches= 256
[EVAL] receiver=baseline_ls_2dlmmse_lmmse Eb/N0= 4.0 dB BER=2.09423e-01 BLER=9.99593e-01 NMSE=4.45024e-01 bit_err=28327869/135266304 blk_err=24566/24576  batches= 256
[EVAL] receiver=baseline_ls_2dlmmse_lmmse Eb/N0= 5.0 dB BER=1.99264e-01 BLER=9.93856e-01 NMSE=4.37269e-01 bit_err=26953729/135266304 blk_err=24425/24576  batches= 256
[EVAL] receiver=baseline_ls_2dlmmse_lmmse Eb/N0= 6.0 dB BER=1.90989e-01 BLER=9.83724e-01 NMSE=4.30826e-01 bit_err=25834396/135266304 blk_err=24176/24576  batches= 256
[EVAL] receiver=baseline_ls_2dlmmse_lmmse Eb/N0= 7.0 dB BER=1.84788e-01 BLER=9.71110e-01 NMSE=4.25337e-01 bit_err=24995546/135266304 blk_err=23866/24576  batches= 256
[EVAL] receiver=baseline_ls_2dlmmse_lmmse Eb/N0= 8.0 dB BER=1.79325e-01 BLER=9.54224e-01 NMSE=4.18237e-01 bit_err=24256622/135266304 blk_err=23451/24576  batches= 256
[EVAL] receiver=baseline_ls_2dlmmse_lmmse Eb/N0= 9.0 dB BER=1.74813e-01 BLER=9.40308e-01 NMSE=4.10647e-01 bit_err=23646286/135266304 blk_err=23109/24576  batches= 256
[EVAL] receiver=baseline_ls_2dlmmse_lmmse Eb/N0=10.0 dB BER=1.71882e-01 BLER=9.29077e-01 NMSE=4.08891e-01 bit_err=23249910/135266304 blk_err=22833/24576  batches= 256
[EVAL] receiver=baseline_ls_2dlmmse_lmmse Eb/N0=11.0 dB BER=1.68229e-01 BLER=9.15649e-01 NMSE=4.02680e-01 bit_err=22755684/135266304 blk_err=22503/24576  batches= 256
[EVAL] receiver=baseline_ls_2dlmmse_lmmse Eb/N0=12.0 dB BER=1.65899e-01 BLER=9.10767e-01 NMSE=3.98502e-01 bit_err=22440490/135266304 blk_err=22383/24576  batches= 256
[EVAL] receiver=baseline_ls_2dlmmse_lmmse Eb/N0=13.0 dB BER=1.62784e-01 BLER=9.03524e-01 NMSE=3.91352e-01 bit_err=22019165/135266304 blk_err=22205/24576  batches= 256
[EVAL] receiver=baseline_ls_2dlmmse_lmmse Eb/N0=14.0 dB BER=1.60180e-01 BLER=8.99618e-01 NMSE=3.83768e-01 bit_err=21666995/135266304 blk_err=22109/24576  batches= 256
[TWC_PLOTS2] wrote /home/rsadve1/PROJECT/Universal_Receiver_NEW/TWC_plots2/csv/twc_mild_dmrsrich_curves.csv
