The following modules were not unloaded:
  (Use "module --force purge" to unload all):

  1) CCconfig        6)  ucx/1.14.1         11) flexiblas/3.3.1
  2) gentoo/2023     7)  libfabric/1.18.0   12) blis/0.9.0
  3) gcccore/.12.3   8)  pmix/4.2.4         13) StdEnv/2023
  4) gcc/12.3        9)  ucc/1.2.0
  5) hwloc/2.9.1     10) openmpi/4.1.5
[BASELINES] Estimating empirical LMMSE covariances with num_batches=24 batch_size=48 use_training_impairments=False
[EVAL] receiver=baseline_ls_2dlmmse_lmmse Eb/N0= 0.0 dB BER=2.64519e-01 BLER=1.00000e+00 NMSE=4.90429e-01 bit_err=35780555/135266304 blk_err=24576/24576  batches= 256
[EVAL] receiver=baseline_ls_2dlmmse_lmmse Eb/N0= 1.0 dB BER=2.49399e-01 BLER=1.00000e+00 NMSE=4.77051e-01 bit_err=33735302/135266304 blk_err=24576/24576  batches= 256
[EVAL] receiver=baseline_ls_2dlmmse_lmmse Eb/N0= 2.0 dB BER=2.34588e-01 BLER=1.00000e+00 NMSE=4.64107e-01 bit_err=31731827/135266304 blk_err=24576/24576  batches= 256
[EVAL] receiver=baseline_ls_2dlmmse_lmmse Eb/N0= 3.0 dB BER=2.20997e-01 BLER=1.00000e+00 NMSE=4.53348e-01 bit_err=29893391/135266304 blk_err=24576/24576  batches= 256
[EVAL] receiver=baseline_ls_2dlmmse_lmmse Eb/N0= 4.0 dB BER=2.09038e-01 BLER=9.99308e-01 NMSE=4.43604e-01 bit_err=28275788/135266304 blk_err=24559/24576  batches= 256
[EVAL] receiver=baseline_ls_2dlmmse_lmmse Eb/N0= 5.0 dB BER=1.99473e-01 BLER=9.95931e-01 NMSE=4.37839e-01 bit_err=26981932/135266304 blk_err=24476/24576  batches= 256
[EVAL] receiver=baseline_ls_2dlmmse_lmmse Eb/N0= 6.0 dB BER=1.90741e-01 BLER=9.83765e-01 NMSE=4.29675e-01 bit_err=25800771/135266304 blk_err=24177/24576  batches= 256
[EVAL] receiver=baseline_ls_2dlmmse_lmmse Eb/N0= 7.0 dB BER=1.84144e-01 BLER=9.69564e-01 NMSE=4.22669e-01 bit_err=24908484/135266304 blk_err=23828/24576  batches= 256
[EVAL] receiver=baseline_ls_2dlmmse_lmmse Eb/N0= 8.0 dB BER=1.79286e-01 BLER=9.54671e-01 NMSE=4.18249e-01 bit_err=24251412/135266304 blk_err=23462/24576  batches= 256
[EVAL] receiver=baseline_ls_2dlmmse_lmmse Eb/N0= 9.0 dB BER=1.76246e-01 BLER=9.39616e-01 NMSE=4.14674e-01 bit_err=23840106/135266304 blk_err=23092/24576  batches= 256
[EVAL] receiver=baseline_ls_2dlmmse_lmmse Eb/N0=10.0 dB BER=1.71546e-01 BLER=9.26473e-01 NMSE=4.06802e-01 bit_err=23204332/135266304 blk_err=22769/24576  batches= 256
[EVAL] receiver=baseline_ls_2dlmmse_lmmse Eb/N0=11.0 dB BER=1.68462e-01 BLER=9.15609e-01 NMSE=4.02531e-01 bit_err=22787166/135266304 blk_err=22502/24576  batches= 256
[EVAL] receiver=baseline_ls_2dlmmse_lmmse Eb/N0=12.0 dB BER=1.65759e-01 BLER=9.10563e-01 NMSE=3.97961e-01 bit_err=22421634/135266304 blk_err=22378/24576  batches= 256
[EVAL] receiver=baseline_ls_2dlmmse_lmmse Eb/N0=13.0 dB BER=1.63030e-01 BLER=9.05070e-01 NMSE=3.91093e-01 bit_err=22052523/135266304 blk_err=22243/24576  batches= 256
[EVAL] receiver=baseline_ls_2dlmmse_lmmse Eb/N0=14.0 dB BER=1.60719e-01 BLER=9.01855e-01 NMSE=3.85244e-01 bit_err=21739892/135266304 blk_err=22164/24576  batches= 256
[TWC_PLOTS2] wrote /home/rsadve1/PROJECT/Universal_Receiver_NEW/TWC_plots2/csv/twc_mild_dmrsrich_curves.csv
