The following modules were not unloaded:
  (Use "module --force purge" to unload all):

  1) CCconfig        6)  ucx/1.14.1         11) flexiblas/3.3.1
  2) gentoo/2023     7)  libfabric/1.18.0   12) blis/0.9.0
  3) gcccore/.12.3   8)  pmix/4.2.4         13) StdEnv/2023
  4) gcc/12.3        9)  ucc/1.2.0
  5) hwloc/2.9.1     10) openmpi/4.1.5
[BASELINES] Estimating empirical LMMSE covariances with num_batches=24 batch_size=48 mode=clean-channel
[EVAL] receiver=baseline_ls_2dlmmse_lmmse Eb/N0= 0.0 dB BER=2.64526e-01 BLER=1.00000e+00 NMSE=5.01349e-01 bit_err=39110015/147849216 blk_err=24576/24576  batches= 256
[EVAL] receiver=baseline_ls_2dlmmse_lmmse Eb/N0= 1.0 dB BER=2.49633e-01 BLER=1.00000e+00 NMSE=4.86994e-01 bit_err=36908079/147849216 blk_err=24576/24576  batches= 256
[EVAL] receiver=baseline_ls_2dlmmse_lmmse Eb/N0= 2.0 dB BER=2.35681e-01 BLER=1.00000e+00 NMSE=4.75290e-01 bit_err=34845223/147849216 blk_err=24576/24576  batches= 256
[EVAL] receiver=baseline_ls_2dlmmse_lmmse Eb/N0= 3.0 dB BER=2.21920e-01 BLER=1.00000e+00 NMSE=4.62632e-01 bit_err=32810728/147849216 blk_err=24576/24576  batches= 256
[EVAL] receiver=baseline_ls_2dlmmse_lmmse Eb/N0= 4.0 dB BER=2.10051e-01 BLER=9.99552e-01 NMSE=4.53709e-01 bit_err=31055913/147849216 blk_err=24565/24576  batches= 256
[EVAL] receiver=baseline_ls_2dlmmse_lmmse Eb/N0= 5.0 dB BER=2.00319e-01 BLER=9.94995e-01 NMSE=4.44202e-01 bit_err=29617050/147849216 blk_err=24453/24576  batches= 256
[EVAL] receiver=baseline_ls_2dlmmse_lmmse Eb/N0= 6.0 dB BER=1.91766e-01 BLER=9.87793e-01 NMSE=4.37269e-01 bit_err=28352459/147849216 blk_err=24276/24576  batches= 256
[EVAL] receiver=baseline_ls_2dlmmse_lmmse Eb/N0= 7.0 dB BER=1.85425e-01 BLER=9.74976e-01 NMSE=4.29964e-01 bit_err=27414926/147849216 blk_err=23961/24576  batches= 256
[EVAL] receiver=baseline_ls_2dlmmse_lmmse Eb/N0= 8.0 dB BER=1.80854e-01 BLER=9.64152e-01 NMSE=4.24301e-01 bit_err=26739089/147849216 blk_err=23695/24576  batches= 256
[EVAL] receiver=baseline_ls_2dlmmse_lmmse Eb/N0= 9.0 dB BER=1.76793e-01 BLER=9.51497e-01 NMSE=4.18065e-01 bit_err=26138705/147849216 blk_err=23384/24576  batches= 256
[EVAL] receiver=baseline_ls_2dlmmse_lmmse Eb/N0=10.0 dB BER=1.72504e-01 BLER=9.39128e-01 NMSE=4.13040e-01 bit_err=25504629/147849216 blk_err=23080/24576  batches= 256
[EVAL] receiver=baseline_ls_2dlmmse_lmmse Eb/N0=11.0 dB BER=1.70011e-01 BLER=9.32129e-01 NMSE=4.08459e-01 bit_err=25135967/147849216 blk_err=22908/24576  batches= 256
[EVAL] receiver=baseline_ls_2dlmmse_lmmse Eb/N0=12.0 dB BER=1.66707e-01 BLER=9.21834e-01 NMSE=4.02760e-01 bit_err=24647427/147849216 blk_err=22655/24576  batches= 256
[EVAL] receiver=baseline_ls_2dlmmse_lmmse Eb/N0=13.0 dB BER=1.64382e-01 BLER=9.17358e-01 NMSE=3.98708e-01 bit_err=24303767/147849216 blk_err=22545/24576  batches= 256
[EVAL] receiver=baseline_ls_2dlmmse_lmmse Eb/N0=14.0 dB BER=1.61610e-01 BLER=9.15365e-01 NMSE=3.90896e-01 bit_err=23893941/147849216 blk_err=22496/24576  batches= 256
[TWC_PLOTS2] wrote /home/rsadve1/PROJECT/Universal_Receiver_NEW/TWC_plots2/csv/twc_mild_clean_curves.csv
