The following modules were not unloaded:
  (Use "module --force purge" to unload all):

  1) CCconfig        6)  ucx/1.14.1         11) flexiblas/3.3.1
  2) gentoo/2023     7)  libfabric/1.18.0   12) blis/0.9.0
  3) gcccore/.12.3   8)  pmix/4.2.4         13) StdEnv/2023
  4) gcc/12.3        9)  ucc/1.2.0
  5) hwloc/2.9.1     10) openmpi/4.1.5
[BASELINES] Estimating empirical LMMSE covariances with num_batches=24 batch_size=48 use_training_impairments=False
[EVAL] receiver=baseline_ls_2dlmmse_lmmse Eb/N0= 0.0 dB BER=2.65520e-01 BLER=1.00000e+00 NMSE=5.02786e-01 bit_err=39256951/147849216 blk_err=24576/24576  batches= 256
[EVAL] receiver=baseline_ls_2dlmmse_lmmse Eb/N0= 1.0 dB BER=2.49782e-01 BLER=1.00000e+00 NMSE=4.88317e-01 bit_err=36930075/147849216 blk_err=24576/24576  batches= 256
[EVAL] receiver=baseline_ls_2dlmmse_lmmse Eb/N0= 2.0 dB BER=2.35516e-01 BLER=1.00000e+00 NMSE=4.74804e-01 bit_err=34820878/147849216 blk_err=24576/24576  batches= 256
[EVAL] receiver=baseline_ls_2dlmmse_lmmse Eb/N0= 3.0 dB BER=2.21271e-01 BLER=1.00000e+00 NMSE=4.61192e-01 bit_err=32714766/147849216 blk_err=24576/24576  batches= 256
[EVAL] receiver=baseline_ls_2dlmmse_lmmse Eb/N0= 4.0 dB BER=2.10570e-01 BLER=9.99430e-01 NMSE=4.52941e-01 bit_err=31132549/147849216 blk_err=24562/24576  batches= 256
[EVAL] receiver=baseline_ls_2dlmmse_lmmse Eb/N0= 5.0 dB BER=2.00226e-01 BLER=9.95931e-01 NMSE=4.44469e-01 bit_err=29603218/147849216 blk_err=24476/24576  batches= 256
[EVAL] receiver=baseline_ls_2dlmmse_lmmse Eb/N0= 6.0 dB BER=1.91382e-01 BLER=9.86369e-01 NMSE=4.35277e-01 bit_err=28295630/147849216 blk_err=24241/24576  batches= 256
[EVAL] receiver=baseline_ls_2dlmmse_lmmse Eb/N0= 7.0 dB BER=1.85736e-01 BLER=9.75342e-01 NMSE=4.29827e-01 bit_err=27460917/147849216 blk_err=23970/24576  batches= 256
[EVAL] receiver=baseline_ls_2dlmmse_lmmse Eb/N0= 8.0 dB BER=1.81069e-01 BLER=9.65129e-01 NMSE=4.23932e-01 bit_err=26770850/147849216 blk_err=23719/24576  batches= 256
[EVAL] receiver=baseline_ls_2dlmmse_lmmse Eb/N0= 9.0 dB BER=1.77221e-01 BLER=9.54671e-01 NMSE=4.19184e-01 bit_err=26202041/147849216 blk_err=23462/24576  batches= 256
[EVAL] receiver=baseline_ls_2dlmmse_lmmse Eb/N0=10.0 dB BER=1.73569e-01 BLER=9.42749e-01 NMSE=4.13847e-01 bit_err=25661988/147849216 blk_err=23169/24576  batches= 256
[EVAL] receiver=baseline_ls_2dlmmse_lmmse Eb/N0=11.0 dB BER=1.71039e-01 BLER=9.34367e-01 NMSE=4.08960e-01 bit_err=25287952/147849216 blk_err=22963/24576  batches= 256
[EVAL] receiver=baseline_ls_2dlmmse_lmmse Eb/N0=12.0 dB BER=1.66972e-01 BLER=9.25863e-01 NMSE=4.02715e-01 bit_err=24686640/147849216 blk_err=22754/24576  batches= 256
[EVAL] receiver=baseline_ls_2dlmmse_lmmse Eb/N0=13.0 dB BER=1.64850e-01 BLER=9.18905e-01 NMSE=3.98213e-01 bit_err=24372973/147849216 blk_err=22583/24576  batches= 256
[EVAL] receiver=baseline_ls_2dlmmse_lmmse Eb/N0=14.0 dB BER=1.60618e-01 BLER=9.12679e-01 NMSE=3.88492e-01 bit_err=23747277/147849216 blk_err=22430/24576  batches= 256
[TWC_PLOTS2] wrote /home/rsadve1/PROJECT/Universal_Receiver_NEW/TWC_plots2/csv/twc_mild_main_curves.csv
