The following modules were not unloaded:
  (Use "module --force purge" to unload all):

  1) CCconfig        6)  ucx/1.14.1         11) flexiblas/3.3.1
  2) gentoo/2023     7)  libfabric/1.18.0   12) blis/0.9.0
  3) gcccore/.12.3   8)  pmix/4.2.4         13) StdEnv/2023
  4) gcc/12.3        9)  ucc/1.2.0
  5) hwloc/2.9.1     10) openmpi/4.1.5
Identity-init LS regression passed.
Checkpoint build/save/load regression passed.
[BASELINES] Estimating empirical LMMSE covariances with num_batches=24 batch_size=48 use_training_impairments=True
Baseline forward passed: baseline_ls_lmmse
Baseline forward passed: baseline_ddcpe_ls_lmmse
Baseline forward passed: paper_cfgres_phaseaware_ls_lmmse
Baseline forward passed: upair5g_lmmse
Baseline forward passed: perfect_csi_lmmse
Richer-baselines regression passed.
Phase-aware identity/build regression passed.
Phase-aware paper configured-reservoir regression passed.
Phase-aware paper comparator warning-free regression passed.
[TRAIN] step=00001 loss=-2.87821 nmse_prop=0.02054 nmse_ls=0.02054
[TRAIN] step=00100 loss=-2.28444 nmse_prop=0.03737 nmse_ls=0.04481
[TRAIN] step=00200 loss=-2.85393 nmse_prop=0.02132 nmse_ls=0.02476
[TRAIN] step=00300 loss=-1.67055 nmse_prop=0.06191 nmse_ls=0.10746
[TRAIN] step=00400 loss=-3.03143 nmse_prop=0.01868 nmse_ls=0.03013
[TRAIN] step=00500 loss=-3.32164 nmse_prop=0.01593 nmse_ls=0.02296
[TRAIN] step=00600 loss=-2.55772 nmse_prop=0.02571 nmse_ls=0.05293
[TRAIN] step=00700 loss=-1.56057 nmse_prop=0.05582 nmse_ls=0.13743
[TRAIN] step=00800 loss=-3.37801 nmse_prop=0.01375 nmse_ls=0.02448
[TRAIN] step=00900 loss=-3.77747 nmse_prop=0.01121 nmse_ls=0.01630
[TRAIN] step=01000 loss=-1.92686 nmse_prop=0.03940 nmse_ls=0.09961
[TRAIN] step=01100 loss=-1.87338 nmse_prop=0.03945 nmse_ls=0.10603
[TRAIN] step=01200 loss=-3.72270 nmse_prop=0.01054 nmse_ls=0.01928
[TRAIN] step=01300 loss=-2.43520 nmse_prop=0.02367 nmse_ls=0.06585
[TRAIN] step=01400 loss=-3.74556 nmse_prop=0.00961 nmse_ls=0.01958
[TRAIN] step=01500 loss=-3.40728 nmse_prop=0.01166 nmse_ls=0.02721
[TRAIN] step=01600 loss=-1.70565 nmse_prop=0.04126 nmse_ls=0.13336
[TRAIN] step=01700 loss=-2.64029 nmse_prop=0.01852 nmse_ls=0.05573
[TRAIN] step=01800 loss=-2.33851 nmse_prop=0.02284 nmse_ls=0.07602
[TRAIN] step=01900 loss=-1.77683 nmse_prop=0.03736 nmse_ls=0.12264
[TRAIN] step=02000 loss=-2.28788 nmse_prop=0.02330 nmse_ls=0.07904
[TRAIN] step=02100 loss=-2.92360 nmse_prop=0.01330 nmse_ls=0.04488
[TRAIN] step=02200 loss=-1.91822 nmse_prop=0.03483 nmse_ls=0.10855
[TRAIN] step=02300 loss=-3.78397 nmse_prop=0.00836 nmse_ls=0.02400
[TRAIN] step=02400 loss=-1.97933 nmse_prop=0.02993 nmse_ls=0.10483
[TRAIN] step=02500 loss=-2.88399 nmse_prop=0.01381 nmse_ls=0.04931
[TRAIN] step=02600 loss=-2.71248 nmse_prop=0.01663 nmse_ls=0.05759
[TRAIN] step=02700 loss=-2.81369 nmse_prop=0.01387 nmse_ls=0.05334
[TRAIN] step=02800 loss=-2.09685 nmse_prop=0.02378 nmse_ls=0.09683
[TRAIN] step=02900 loss=-3.80831 nmse_prop=0.00690 nmse_ls=0.02514
[TRAIN] step=03000 loss=-1.82454 nmse_prop=0.03206 nmse_ls=0.12252
[TRAIN] step=03100 loss=-2.14069 nmse_prop=0.02265 nmse_ls=0.09562
[TRAIN] step=03200 loss=-4.21934 nmse_prop=0.00559 nmse_ls=0.02151
[TRAIN] step=03300 loss=-1.93242 nmse_prop=0.02807 nmse_ls=0.11381
[TRAIN] step=03400 loss=-4.17659 nmse_prop=0.00593 nmse_ls=0.01730
[TRAIN] step=03500 loss=-4.03424 nmse_prop=0.00592 nmse_ls=0.02181
[TRAIN] step=03600 loss=-3.47894 nmse_prop=0.00794 nmse_ls=0.03396
[TRAIN] step=03700 loss=-2.17206 nmse_prop=0.02220 nmse_ls=0.09614
[TRAIN] step=03800 loss=-3.02267 nmse_prop=0.01099 nmse_ls=0.04798
[TRAIN] step=03900 loss=-3.19511 nmse_prop=0.01062 nmse_ls=0.04001
[TRAIN] step=04000 loss=-4.23387 nmse_prop=0.00557 nmse_ls=0.02350
[TRAIN] step=04100 loss=-2.69331 nmse_prop=0.01311 nmse_ls=0.06160
[TRAIN] step=04200 loss=-2.58458 nmse_prop=0.01445 nmse_ls=0.06811
[TRAIN] step=04300 loss=-1.94830 nmse_prop=0.02683 nmse_ls=0.11722
[TRAIN] step=04400 loss=-1.90341 nmse_prop=0.02739 nmse_ls=0.11586
[TRAIN] step=04500 loss=-4.10844 nmse_prop=0.00519 nmse_ls=0.02415
[TRAIN] step=04600 loss=-4.35162 nmse_prop=0.00462 nmse_ls=0.02122
[TRAIN] step=04700 loss=-4.26275 nmse_prop=0.00449 nmse_ls=0.02174
[TRAIN] step=04800 loss=-2.04741 nmse_prop=0.02421 nmse_ls=0.10484
[TRAIN] step=04900 loss=-4.22768 nmse_prop=0.00431 nmse_ls=0.02246
[TRAIN] step=05000 loss=-2.04629 nmse_prop=0.02317 nmse_ls=0.10666
[EVAL] receiver=       baseline_ls_lmmse Eb/N0= 0.0 dB BER=1.78165e-01 BLER=1.00000e+00 NMSE=1.43209e-01 bit_err=26341572/147849216 blk_err=24576/24576  batches= 256
[EVAL] receiver= baseline_ddcpe_ls_lmmse Eb/N0= 0.0 dB BER=1.78039e-01 BLER=1.00000e+00 NMSE=1.42753e-01 bit_err=26322859/147849216 blk_err=24576/24576  batches= 256
[EVAL] receiver=paper_cfgres_phaseaware_ls_lmmse Eb/N0= 0.0 dB BER=1.74492e-01 BLER=1.00000e+00 NMSE=1.07611e-01 bit_err=25798461/147849216 blk_err=24576/24576  batches= 256
[EVAL] receiver=           upair5g_lmmse Eb/N0= 0.0 dB BER=1.60176e-01 BLER=1.00000e+00 NMSE=2.90490e-02 bit_err=23681944/147849216 blk_err=24576/24576  batches= 256
[EVAL] receiver=       perfect_csi_lmmse Eb/N0= 0.0 dB BER=1.50060e-01 BLER=1.00000e+00 NMSE=0.00000e+00 bit_err=22186249/147849216 blk_err=24576/24576  batches= 256
[EVAL] receiver=       baseline_ls_lmmse Eb/N0= 1.0 dB BER=1.54963e-01 BLER=1.00000e+00 NMSE=1.16709e-01 bit_err=22911129/147849216 blk_err=24576/24576  batches= 256
[EVAL] receiver= baseline_ddcpe_ls_lmmse Eb/N0= 1.0 dB BER=1.54650e-01 BLER=1.00000e+00 NMSE=1.15892e-01 bit_err=22864924/147849216 blk_err=24576/24576  batches= 256
[EVAL] receiver=paper_cfgres_phaseaware_ls_lmmse Eb/N0= 1.0 dB BER=1.52920e-01 BLER=1.00000e+00 NMSE=9.60746e-02 bit_err=22609141/147849216 blk_err=24576/24576  batches= 256
[EVAL] receiver=           upair5g_lmmse Eb/N0= 1.0 dB BER=1.35684e-01 BLER=1.00000e+00 NMSE=2.27633e-02 bit_err=20060805/147849216 blk_err=24576/24576  batches= 256
[EVAL] receiver=       perfect_csi_lmmse Eb/N0= 1.0 dB BER=1.24081e-01 BLER=1.00000e+00 NMSE=0.00000e+00 bit_err=18345312/147849216 blk_err=24576/24576  batches= 256
[EVAL] receiver=       baseline_ls_lmmse Eb/N0= 2.0 dB BER=1.29582e-01 BLER=1.00000e+00 NMSE=9.59107e-02 bit_err=19158552/147849216 blk_err=24576/24576  batches= 256
[EVAL] receiver= baseline_ddcpe_ls_lmmse Eb/N0= 2.0 dB BER=1.28872e-01 BLER=1.00000e+00 NMSE=9.46082e-02 bit_err=19053559/147849216 blk_err=24576/24576  batches= 256
[EVAL] receiver=paper_cfgres_phaseaware_ls_lmmse Eb/N0= 2.0 dB BER=1.29732e-01 BLER=1.00000e+00 NMSE=8.71449e-02 bit_err=19180754/147849216 blk_err=24576/24576  batches= 256
[EVAL] receiver=           upair5g_lmmse Eb/N0= 2.0 dB BER=1.05210e-01 BLER=1.00000e+00 NMSE=1.83074e-02 bit_err=15555173/147849216 blk_err=24576/24576  batches= 256
[EVAL] receiver=       perfect_csi_lmmse Eb/N0= 2.0 dB BER=8.73010e-02 BLER=1.00000e+00 NMSE=0.00000e+00 bit_err=12907380/147849216 blk_err=24576/24576  batches= 256
[EVAL] receiver=       baseline_ls_lmmse Eb/N0= 3.0 dB BER=9.60716e-02 BLER=1.00000e+00 NMSE=7.90597e-02 bit_err=14204111/147849216 blk_err=24576/24576  batches= 256
[EVAL] receiver= baseline_ddcpe_ls_lmmse Eb/N0= 3.0 dB BER=9.42276e-02 BLER=1.00000e+00 NMSE=7.71455e-02 bit_err=13931482/147849216 blk_err=24576/24576  batches= 256
[EVAL] receiver=paper_cfgres_phaseaware_ls_lmmse Eb/N0= 3.0 dB BER=9.96180e-02 BLER=1.00000e+00 NMSE=7.94131e-02 bit_err=14728439/147849216 blk_err=24576/24576  batches= 256
[EVAL] receiver=           upair5g_lmmse Eb/N0= 3.0 dB BER=5.07107e-02 BLER=9.28589e-01 NMSE=1.48484e-02 bit_err=7497538/147849216 blk_err=22821/24576  batches= 256
[EVAL] receiver=       perfect_csi_lmmse Eb/N0= 3.0 dB BER=2.43478e-02 BLER=6.06608e-01 NMSE=0.00000e+00 bit_err=3599802/147849216 blk_err=14908/24576  batches= 256
[EVAL] receiver=       baseline_ls_lmmse Eb/N0= 4.0 dB BER=4.32840e-02 BLER=7.88493e-01 NMSE=6.58403e-02 bit_err=6399512/147849216 blk_err=19378/24576  batches= 256
[EVAL] receiver= baseline_ddcpe_ls_lmmse Eb/N0= 4.0 dB BER=3.80774e-02 BLER=7.55046e-01 NMSE=6.31618e-02 bit_err=5629720/147849216 blk_err=18556/24576  batches= 256
[EVAL] receiver=paper_cfgres_phaseaware_ls_lmmse Eb/N0= 4.0 dB BER=5.27459e-02 BLER=8.34188e-01 NMSE=7.34793e-02 bit_err=7798441/147849216 blk_err=20501/24576  batches= 256
[EVAL] receiver=           upair5g_lmmse Eb/N0= 4.0 dB BER=7.92439e-03 BLER=2.13867e-01 NMSE=1.22676e-02 bit_err=1171615/147849216 blk_err= 5256/24576  batches= 256
[EVAL] receiver=       perfect_csi_lmmse Eb/N0= 4.0 dB BER=2.53117e-03 BLER=7.73112e-02 NMSE=0.00000e+00 bit_err=374232/147849216 blk_err= 1900/24576  batches= 256
[EVAL] receiver=       baseline_ls_lmmse Eb/N0= 5.0 dB BER=1.08381e-02 BLER=2.54028e-01 NMSE=5.54154e-02 bit_err=1602402/147849216 blk_err= 6243/24576  batches= 256
[EVAL] receiver= baseline_ddcpe_ls_lmmse Eb/N0= 5.0 dB BER=6.68758e-03 BLER=1.78630e-01 NMSE=5.18964e-02 bit_err=988753/147849216 blk_err= 4390/24576  batches= 256
[EVAL] receiver=paper_cfgres_phaseaware_ls_lmmse Eb/N0= 5.0 dB BER=1.74056e-02 BLER=3.61816e-01 NMSE=6.85474e-02 bit_err=2573401/147849216 blk_err= 8892/24576  batches= 256
[EVAL] receiver=           upair5g_lmmse Eb/N0= 5.0 dB BER=8.60742e-04 BLER=2.54313e-02 NMSE=1.02881e-02 bit_err=127260/147849216 blk_err=  625/24576  batches= 256
[EVAL] receiver=       perfect_csi_lmmse Eb/N0= 5.0 dB BER=2.23985e-04 BLER=7.69043e-03 NMSE=0.00000e+00 bit_err= 33116/147849216 blk_err=  189/24576  batches= 256
[EVAL] receiver=       baseline_ls_lmmse Eb/N0= 6.0 dB BER=2.41763e-03 BLER=6.08704e-02 NMSE=4.69650e-02 bit_err=455183/188276736 blk_err= 1905/31296  batches= 326
[EVAL] receiver= baseline_ddcpe_ls_lmmse Eb/N0= 6.0 dB BER=9.39017e-04 BLER=2.65849e-02 NMSE=4.26983e-02 bit_err=176795/188276736 blk_err=  832/31296  batches= 326
[EVAL] receiver=paper_cfgres_phaseaware_ls_lmmse Eb/N0= 6.0 dB BER=4.74798e-03 BLER=1.11548e-01 NMSE=6.44648e-02 bit_err=893934/188276736 blk_err= 3491/31296  batches= 326
[EVAL] receiver=           upair5g_lmmse Eb/N0= 6.0 dB BER=1.10608e-04 BLER=3.19530e-03 NMSE=8.74167e-03 bit_err= 20825/188276736 blk_err=  100/31296  batches= 326
[EVAL] receiver=       perfect_csi_lmmse Eb/N0= 6.0 dB BER=2.80863e-05 BLER=8.62730e-04 NMSE=0.00000e+00 bit_err=  5288/188276736 blk_err=   27/31296  batches= 326
[EVAL] receiver=       baseline_ls_lmmse Eb/N0= 7.0 dB BER=6.21772e-04 BLER=1.55741e-02 NMSE=4.02810e-02 bit_err=367714/591396864 blk_err= 1531/98304  batches=1024
[EVAL] receiver= baseline_ddcpe_ls_lmmse Eb/N0= 7.0 dB BER=1.58535e-04 BLER=4.36401e-03 NMSE=3.53036e-02 bit_err= 93757/591396864 blk_err=  429/98304  batches=1024
[EVAL] receiver=paper_cfgres_phaseaware_ls_lmmse Eb/N0= 7.0 dB BER=1.46153e-03 BLER=3.63973e-02 NMSE=6.09774e-02 bit_err=864343/591396864 blk_err= 3578/98304  batches=1024
[EVAL] receiver=           upair5g_lmmse Eb/N0= 7.0 dB BER=1.32652e-05 BLER=4.37419e-04 NMSE=7.52833e-03 bit_err=  7845/591396864 blk_err=   43/98304  batches=1024
[EVAL] receiver=       perfect_csi_lmmse Eb/N0= 7.0 dB BER=2.14239e-06 BLER=6.10352e-05 NMSE=0.00000e+00 bit_err=  1267/591396864 blk_err=    6/98304  batches=1024
[EVAL] receiver=       baseline_ls_lmmse Eb/N0= 8.0 dB BER=1.96584e-04 BLER=4.66919e-03 NMSE=3.50241e-02 bit_err=116259/591396864 blk_err=  459/98304  batches=1024
[EVAL] receiver= baseline_ddcpe_ls_lmmse Eb/N0= 8.0 dB BER=4.41007e-05 BLER=8.95182e-04 NMSE=2.95047e-02 bit_err= 26081/591396864 blk_err=   88/98304  batches=1024
[EVAL] receiver=paper_cfgres_phaseaware_ls_lmmse Eb/N0= 8.0 dB BER=5.14362e-04 BLER=1.23800e-02 NMSE=5.83555e-02 bit_err=304192/591396864 blk_err= 1217/98304  batches=1024
[EVAL] receiver=           upair5g_lmmse Eb/N0= 8.0 dB BER=4.45724e-06 BLER=8.13802e-05 NMSE=6.58368e-03 bit_err=  2636/591396864 blk_err=    8/98304  batches=1024
[EVAL] receiver=       perfect_csi_lmmse Eb/N0= 8.0 dB BER=6.44237e-07 BLER=3.05176e-05 NMSE=0.00000e+00 bit_err=   381/591396864 blk_err=    3/98304  batches=1024
[EVAL] receiver=       baseline_ls_lmmse Eb/N0= 9.0 dB BER=5.39942e-05 BLER=1.34277e-03 NMSE=3.08716e-02 bit_err= 31932/591396864 blk_err=  132/98304  batches=1024
[EVAL] receiver= baseline_ddcpe_ls_lmmse Eb/N0= 9.0 dB BER=1.08506e-05 BLER=2.44141e-04 NMSE=2.49059e-02 bit_err=  6417/591396864 blk_err=   24/98304  batches=1024
[EVAL] receiver=paper_cfgres_phaseaware_ls_lmmse Eb/N0= 9.0 dB BER=2.29851e-04 BLER=5.26937e-03 NMSE=5.63094e-02 bit_err=135933/591396864 blk_err=  518/98304  batches=1024
[EVAL] receiver=           upair5g_lmmse Eb/N0= 9.0 dB BER=0.00000e+00 BLER=0.00000e+00 NMSE=5.81721e-03 bit_err=     0/591396864 blk_err=    0/98304  batches=1024
[EVAL] receiver=       perfect_csi_lmmse Eb/N0= 9.0 dB BER=0.00000e+00 BLER=0.00000e+00 NMSE=0.00000e+00 bit_err=     0/591396864 blk_err=    0/98304  batches=1024
[EVAL] receiver=       baseline_ls_lmmse Eb/N0=10.0 dB BER=1.95419e-05 BLER=4.27246e-04 NMSE=2.74955e-02 bit_err= 11557/591396864 blk_err=   42/98304  batches=1024
[EVAL] receiver= baseline_ddcpe_ls_lmmse Eb/N0=10.0 dB BER=2.11026e-06 BLER=4.06901e-05 NMSE=2.13001e-02 bit_err=  1248/591396864 blk_err=    4/98304  batches=1024
[EVAL] receiver=paper_cfgres_phaseaware_ls_lmmse Eb/N0=10.0 dB BER=1.28839e-04 BLER=2.57365e-03 NMSE=5.45712e-02 bit_err= 76195/591396864 blk_err=  253/98304  batches=1024
[EVAL] receiver=           upair5g_lmmse Eb/N0=10.0 dB BER=0.00000e+00 BLER=0.00000e+00 NMSE=5.17962e-03 bit_err=     0/591396864 blk_err=    0/98304  batches=1024
[EVAL] receiver=       perfect_csi_lmmse Eb/N0=10.0 dB BER=0.00000e+00 BLER=0.00000e+00 NMSE=0.00000e+00 bit_err=     0/591396864 blk_err=    0/98304  batches=1024
[EVAL] receiver=       baseline_ls_lmmse Eb/N0=11.0 dB BER=1.26480e-05 BLER=2.44141e-04 NMSE=2.49309e-02 bit_err=  7480/591396864 blk_err=   24/98304  batches=1024
[EVAL] receiver= baseline_ddcpe_ls_lmmse Eb/N0=11.0 dB BER=2.15422e-06 BLER=4.06901e-05 NMSE=1.85003e-02 bit_err=  1274/591396864 blk_err=    4/98304  batches=1024
[EVAL] receiver=paper_cfgres_phaseaware_ls_lmmse Eb/N0=11.0 dB BER=9.00495e-05 BLER=1.79036e-03 NMSE=5.33435e-02 bit_err= 53255/591396864 blk_err=  176/98304  batches=1024
[EVAL] receiver=           upair5g_lmmse Eb/N0=11.0 dB BER=0.00000e+00 BLER=0.00000e+00 NMSE=4.67675e-03 bit_err=     0/591396864 blk_err=    0/98304  batches=1024
[EVAL] receiver=       perfect_csi_lmmse Eb/N0=11.0 dB BER=0.00000e+00 BLER=0.00000e+00 NMSE=0.00000e+00 bit_err=     0/591396864 blk_err=    0/98304  batches=1024
[EVAL] receiver=       baseline_ls_lmmse Eb/N0=12.0 dB BER=7.30474e-06 BLER=1.32243e-04 NMSE=2.27368e-02 bit_err=  4320/591396864 blk_err=   13/98304  batches=1024
[EVAL] receiver= baseline_ddcpe_ls_lmmse Eb/N0=12.0 dB BER=3.34801e-06 BLER=3.05176e-05 NMSE=1.62744e-02 bit_err=  1980/591396864 blk_err=    3/98304  batches=1024
[EVAL] receiver=paper_cfgres_phaseaware_ls_lmmse Eb/N0=12.0 dB BER=7.77143e-05 BLER=1.25122e-03 NMSE=5.24641e-02 bit_err= 45960/591396864 blk_err=  123/98304  batches=1024
[EVAL] receiver=           upair5g_lmmse Eb/N0=12.0 dB BER=0.00000e+00 BLER=0.00000e+00 NMSE=4.25222e-03 bit_err=     0/591396864 blk_err=    0/98304  batches=1024
[EVAL] receiver=       perfect_csi_lmmse Eb/N0=12.0 dB BER=0.00000e+00 BLER=0.00000e+00 NMSE=0.00000e+00 bit_err=     0/591396864 blk_err=    0/98304  batches=1024
[EVAL] receiver=       baseline_ls_lmmse Eb/N0=13.0 dB BER=4.71088e-06 BLER=1.11898e-04 NMSE=2.10924e-02 bit_err=  2786/591396864 blk_err=   11/98304  batches=1024
[EVAL] receiver= baseline_ddcpe_ls_lmmse Eb/N0=13.0 dB BER=2.14915e-06 BLER=5.08626e-05 NMSE=1.45375e-02 bit_err=  1271/591396864 blk_err=    5/98304  batches=1024
[EVAL] receiver=paper_cfgres_phaseaware_ls_lmmse Eb/N0=13.0 dB BER=5.59641e-05 BLER=9.96908e-04 NMSE=5.18007e-02 bit_err= 33097/591396864 blk_err=   98/98304  batches=1024
[EVAL] receiver=           upair5g_lmmse Eb/N0=13.0 dB BER=0.00000e+00 BLER=0.00000e+00 NMSE=3.90132e-03 bit_err=     0/591396864 blk_err=    0/98304  batches=1024
[EVAL] receiver=       perfect_csi_lmmse Eb/N0=13.0 dB BER=0.00000e+00 BLER=0.00000e+00 NMSE=0.00000e+00 bit_err=     0/591396864 blk_err=    0/98304  batches=1024
[EVAL] receiver=       baseline_ls_lmmse Eb/N0=14.0 dB BER=5.24859e-06 BLER=1.11898e-04 NMSE=1.97737e-02 bit_err=  3104/591396864 blk_err=   11/98304  batches=1024
[EVAL] receiver= baseline_ddcpe_ls_lmmse Eb/N0=14.0 dB BER=3.49004e-06 BLER=5.08626e-05 NMSE=1.31474e-02 bit_err=  2064/591396864 blk_err=    5/98304  batches=1024
[EVAL] receiver=paper_cfgres_phaseaware_ls_lmmse Eb/N0=14.0 dB BER=5.21562e-05 BLER=7.62939e-04 NMSE=5.13655e-02 bit_err= 30845/591396864 blk_err=   75/98304  batches=1024
[EVAL] receiver=           upair5g_lmmse Eb/N0=14.0 dB BER=0.00000e+00 BLER=0.00000e+00 NMSE=3.60438e-03 bit_err=     0/591396864 blk_err=    0/98304  batches=1024
[EVAL] receiver=       perfect_csi_lmmse Eb/N0=14.0 dB BER=0.00000e+00 BLER=0.00000e+00 NMSE=0.00000e+00 bit_err=     0/591396864 blk_err=    0/98304  batches=1024
{'train': {'output_dir': '/home/rsadve1/PROJECT/Universal_Receiver/outputs/twc_mild_clean', 'checkpoint_path': '/home/rsadve1/PROJECT/Universal_Receiver/outputs/twc_mild_clean/checkpoints/best.weights.h5', 'history_path': '/home/rsadve1/PROJECT/Universal_Receiver/outputs/twc_mild_clean/metrics/history.json'}, 'eval': {'output_dir': '/home/rsadve1/PROJECT/Universal_Receiver/outputs/twc_mild_clean', 'curves_path': '/home/rsadve1/PROJECT/Universal_Receiver/outputs/twc_mild_clean/metrics/curves.csv', 'summary_path': '/home/rsadve1/PROJECT/Universal_Receiver/outputs/twc_mild_clean/metrics/evaluation_summary.json'}, 'plots': {'plots_dir': '/home/rsadve1/PROJECT/Universal_Receiver/outputs/twc_mild_clean/plots'}}
