The following modules were not unloaded:
  (Use "module --force purge" to unload all):

  1) CCconfig        6)  ucx/1.14.1         11) flexiblas/3.3.1
  2) gentoo/2023     7)  libfabric/1.18.0   12) blis/0.9.0
  3) gcccore/.12.3   8)  pmix/4.2.4         13) StdEnv/2023
  4) gcc/12.3        9)  ucc/1.2.0
  5) hwloc/2.9.1     10) openmpi/4.1.5
Identity-init LS regression passed.
Checkpoint build/save/load regression passed.
[BASELINES] Estimating empirical LMMSE covariances with num_batches=24 batch_size=48 use_training_impairments=True
Baseline forward passed: baseline_ls_lmmse
Baseline forward passed: baseline_ddcpe_ls_lmmse
Baseline forward passed: paper_cfgres_phaseaware_ls_lmmse
Baseline forward passed: upair5g_lmmse
Baseline forward passed: perfect_csi_lmmse
Richer-baselines regression passed.
Phase-aware identity/build regression passed.
Phase-aware paper configured-reservoir regression passed.
Phase-aware paper comparator warning-free regression passed.
[TRAIN] step=00001 loss=-3.44508 nmse_prop=0.00741 nmse_ls=0.00741
[TRAIN] step=00100 loss=-2.51165 nmse_prop=0.02806 nmse_ls=0.03418
[TRAIN] step=00200 loss=-1.81552 nmse_prop=0.04738 nmse_ls=0.08371
[TRAIN] step=00300 loss=-3.29187 nmse_prop=0.01200 nmse_ls=0.02052
[TRAIN] step=00400 loss=-2.25933 nmse_prop=0.02677 nmse_ls=0.06063
[TRAIN] step=00500 loss=-3.46597 nmse_prop=0.00907 nmse_ls=0.01943
[TRAIN] step=00600 loss=-2.75397 nmse_prop=0.01516 nmse_ls=0.04073
[TRAIN] step=00700 loss=-2.64685 nmse_prop=0.01586 nmse_ls=0.04404
[TRAIN] step=00800 loss=-4.12759 nmse_prop=0.00474 nmse_ls=0.01161
[TRAIN] step=00900 loss=-1.84274 nmse_prop=0.02868 nmse_ls=0.10344
[TRAIN] step=01000 loss=-3.46243 nmse_prop=0.00681 nmse_ls=0.02239
[TRAIN] step=01100 loss=-1.72264 nmse_prop=0.02887 nmse_ls=0.11979
[TRAIN] step=01200 loss=-4.58288 nmse_prop=0.00301 nmse_ls=0.00869
[TRAIN] step=01300 loss=-3.70803 nmse_prop=0.00547 nmse_ls=0.01851
[TRAIN] step=01400 loss=-4.09663 nmse_prop=0.00383 nmse_ls=0.01360
[TRAIN] step=01500 loss=-2.85596 nmse_prop=0.00960 nmse_ls=0.04061
[TRAIN] step=01600 loss=-4.76759 nmse_prop=0.00283 nmse_ls=0.00757
[TRAIN] step=01700 loss=-3.08000 nmse_prop=0.00795 nmse_ls=0.03366
[TRAIN] step=01800 loss=-4.46784 nmse_prop=0.00287 nmse_ls=0.00996
[TRAIN] step=01900 loss=-4.70675 nmse_prop=0.00241 nmse_ls=0.00829
[TRAIN] step=02000 loss=-3.22533 nmse_prop=0.00644 nmse_ls=0.02940
[TRAIN] step=02100 loss=-1.73954 nmse_prop=0.02322 nmse_ls=0.11958
[TRAIN] step=02200 loss=-3.87809 nmse_prop=0.00384 nmse_ls=0.01665
[TRAIN] step=02300 loss=-5.05455 nmse_prop=0.00205 nmse_ls=0.00662
[TRAIN] step=02400 loss=-2.15483 nmse_prop=0.01735 nmse_ls=0.08055
[TRAIN] step=02500 loss=-3.48340 nmse_prop=0.00511 nmse_ls=0.02393
[TRAIN] step=02600 loss=-3.59923 nmse_prop=0.00442 nmse_ls=0.02136
[TRAIN] step=02700 loss=-1.94644 nmse_prop=0.01841 nmse_ls=0.10069
[TRAIN] step=02800 loss=-5.33597 nmse_prop=0.00161 nmse_ls=0.00568
[TRAIN] step=02900 loss=-4.46906 nmse_prop=0.00234 nmse_ls=0.01052
[TRAIN] step=03000 loss=-2.04923 nmse_prop=0.01597 nmse_ls=0.09232
[TRAIN] step=03100 loss=-2.46174 nmse_prop=0.01080 nmse_ls=0.06200
[TRAIN] step=03200 loss=-5.03474 nmse_prop=0.00173 nmse_ls=0.00796
[TRAIN] step=03300 loss=-5.02442 nmse_prop=0.00167 nmse_ls=0.00765
[TRAIN] step=03400 loss=-2.53496 nmse_prop=0.00993 nmse_ls=0.05705
[TRAIN] step=03500 loss=-4.02923 nmse_prop=0.00293 nmse_ls=0.01477
[TRAIN] step=03600 loss=-1.81614 nmse_prop=0.01956 nmse_ls=0.11479
[TRAIN] step=03700 loss=-2.15277 nmse_prop=0.01330 nmse_ls=0.08487
[TRAIN] step=03800 loss=-3.64104 nmse_prop=0.00407 nmse_ls=0.02059
[TRAIN] step=03900 loss=-2.56251 nmse_prop=0.00957 nmse_ls=0.05657
[TRAIN] step=04000 loss=-3.61666 nmse_prop=0.00394 nmse_ls=0.02172
[TRAIN] step=04100 loss=-2.70906 nmse_prop=0.00833 nmse_ls=0.04982
[TRAIN] step=04200 loss=-2.22324 nmse_prop=0.01329 nmse_ls=0.07924
[TRAIN] step=04300 loss=-2.26041 nmse_prop=0.01247 nmse_ls=0.07619
[TRAIN] step=04400 loss=-5.16258 nmse_prop=0.00143 nmse_ls=0.00715
[TRAIN] step=04500 loss=-4.98827 nmse_prop=0.00169 nmse_ls=0.00730
[TRAIN] step=04600 loss=-2.42903 nmse_prop=0.01028 nmse_ls=0.06557
[TRAIN] step=04700 loss=-4.08481 nmse_prop=0.00276 nmse_ls=0.01427
[TRAIN] step=04800 loss=-5.09368 nmse_prop=0.00141 nmse_ls=0.00709
[TRAIN] step=04900 loss=-2.51130 nmse_prop=0.00913 nmse_ls=0.05999
[TRAIN] step=05000 loss=-5.18189 nmse_prop=0.00142 nmse_ls=0.00627
[EVAL] receiver=       baseline_ls_lmmse Eb/N0= 0.0 dB BER=1.81133e-01 BLER=1.00000e+00 NMSE=1.29230e-01 bit_err=24501176/135266304 blk_err=24576/24576  batches= 256
[EVAL] receiver= baseline_ddcpe_ls_lmmse Eb/N0= 0.0 dB BER=1.81213e-01 BLER=1.00000e+00 NMSE=1.29494e-01 bit_err=24512021/135266304 blk_err=24576/24576  batches= 256
[EVAL] receiver=paper_cfgres_phaseaware_ls_lmmse Eb/N0= 0.0 dB BER=1.72082e-01 BLER=1.00000e+00 NMSE=7.08290e-02 bit_err=23276907/135266304 blk_err=24576/24576  batches= 256
[EVAL] receiver=           upair5g_lmmse Eb/N0= 0.0 dB BER=1.63028e-01 BLER=1.00000e+00 NMSE=1.78434e-02 bit_err=22052194/135266304 blk_err=24576/24576  batches= 256
[EVAL] receiver=       perfect_csi_lmmse Eb/N0= 0.0 dB BER=1.58012e-01 BLER=1.00000e+00 NMSE=0.00000e+00 bit_err=21373653/135266304 blk_err=24576/24576  batches= 256
[EVAL] receiver=       baseline_ls_lmmse Eb/N0= 1.0 dB BER=1.57942e-01 BLER=1.00000e+00 NMSE=1.03529e-01 bit_err=21364228/135266304 blk_err=24576/24576  batches= 256
[EVAL] receiver= baseline_ddcpe_ls_lmmse Eb/N0= 1.0 dB BER=1.58030e-01 BLER=1.00000e+00 NMSE=1.03764e-01 bit_err=21376154/135266304 blk_err=24576/24576  batches= 256
[EVAL] receiver=paper_cfgres_phaseaware_ls_lmmse Eb/N0= 1.0 dB BER=1.49785e-01 BLER=1.00000e+00 NMSE=5.91717e-02 bit_err=20260838/135266304 blk_err=24576/24576  batches= 256
[EVAL] receiver=           upair5g_lmmse Eb/N0= 1.0 dB BER=1.39765e-01 BLER=1.00000e+00 NMSE=1.40816e-02 bit_err=18905520/135266304 blk_err=24576/24576  batches= 256
[EVAL] receiver=       perfect_csi_lmmse Eb/N0= 1.0 dB BER=1.33876e-01 BLER=1.00000e+00 NMSE=0.00000e+00 bit_err=18108873/135266304 blk_err=24576/24576  batches= 256
[EVAL] receiver=       baseline_ls_lmmse Eb/N0= 2.0 dB BER=1.32476e-01 BLER=1.00000e+00 NMSE=8.29742e-02 bit_err=17919475/135266304 blk_err=24576/24576  batches= 256
[EVAL] receiver= baseline_ddcpe_ls_lmmse Eb/N0= 2.0 dB BER=1.32596e-01 BLER=1.00000e+00 NMSE=8.31709e-02 bit_err=17935836/135266304 blk_err=24576/24576  batches= 256
[EVAL] receiver=paper_cfgres_phaseaware_ls_lmmse Eb/N0= 2.0 dB BER=1.25190e-01 BLER=1.00000e+00 NMSE=4.99135e-02 bit_err=16933976/135266304 blk_err=24576/24576  batches= 256
[EVAL] receiver=           upair5g_lmmse Eb/N0= 2.0 dB BER=1.11764e-01 BLER=1.00000e+00 NMSE=1.12592e-02 bit_err=15117881/135266304 blk_err=24576/24576  batches= 256
[EVAL] receiver=       perfect_csi_lmmse Eb/N0= 2.0 dB BER=1.02292e-01 BLER=1.00000e+00 NMSE=0.00000e+00 bit_err=13836710/135266304 blk_err=24576/24576  batches= 256
[EVAL] receiver=       baseline_ls_lmmse Eb/N0= 3.0 dB BER=9.93908e-02 BLER=1.00000e+00 NMSE=6.67160e-02 bit_err=13444229/135266304 blk_err=24576/24576  batches= 256
[EVAL] receiver= baseline_ddcpe_ls_lmmse Eb/N0= 3.0 dB BER=9.95942e-02 BLER=1.00000e+00 NMSE=6.68786e-02 bit_err=13471739/135266304 blk_err=24576/24576  batches= 256
[EVAL] receiver=paper_cfgres_phaseaware_ls_lmmse Eb/N0= 3.0 dB BER=9.23994e-02 BLER=1.00000e+00 NMSE=4.25365e-02 bit_err=12498524/135266304 blk_err=24576/24576  batches= 256
[EVAL] receiver=           upair5g_lmmse Eb/N0= 3.0 dB BER=6.31562e-02 BLER=9.80632e-01 NMSE=9.09309e-03 bit_err=8542912/135266304 blk_err=24100/24576  batches= 256
[EVAL] receiver=       perfect_csi_lmmse Eb/N0= 3.0 dB BER=4.24313e-02 BLER=8.35734e-01 NMSE=0.00000e+00 bit_err=5739527/135266304 blk_err=20539/24576  batches= 256
[EVAL] receiver=       baseline_ls_lmmse Eb/N0= 4.0 dB BER=3.76871e-02 BLER=7.46419e-01 NMSE=5.37903e-02 bit_err=5097788/135266304 blk_err=18344/24576  batches= 256
[EVAL] receiver= baseline_ddcpe_ls_lmmse Eb/N0= 4.0 dB BER=3.79859e-02 BLER=7.50570e-01 NMSE=5.39190e-02 bit_err=5138212/135266304 blk_err=18446/24576  batches= 256
[EVAL] receiver=paper_cfgres_phaseaware_ls_lmmse Eb/N0= 4.0 dB BER=3.35868e-02 BLER=6.47217e-01 NMSE=3.66386e-02 bit_err=4543163/135266304 blk_err=15906/24576  batches= 256
[EVAL] receiver=           upair5g_lmmse Eb/N0= 4.0 dB BER=1.04503e-02 BLER=2.56877e-01 NMSE=7.43550e-03 bit_err=1413577/135266304 blk_err= 6313/24576  batches= 256
[EVAL] receiver=       perfect_csi_lmmse Eb/N0= 4.0 dB BER=5.23155e-03 BLER=1.38346e-01 NMSE=0.00000e+00 bit_err=707653/135266304 blk_err= 3400/24576  batches= 256
[EVAL] receiver=       baseline_ls_lmmse Eb/N0= 5.0 dB BER=5.38264e-03 BLER=1.31877e-01 NMSE=4.35094e-02 bit_err=728090/135266304 blk_err= 3241/24576  batches= 256
[EVAL] receiver= baseline_ddcpe_ls_lmmse Eb/N0= 5.0 dB BER=5.44422e-03 BLER=1.33545e-01 NMSE=4.36068e-02 bit_err=736420/135266304 blk_err= 3282/24576  batches= 256
[EVAL] receiver=paper_cfgres_phaseaware_ls_lmmse Eb/N0= 5.0 dB BER=5.99513e-03 BLER=1.39119e-01 NMSE=3.19397e-02 bit_err=810939/135266304 blk_err= 3419/24576  batches= 256
[EVAL] receiver=           upair5g_lmmse Eb/N0= 5.0 dB BER=1.12026e-03 BLER=2.77507e-02 NMSE=6.12969e-03 bit_err=151533/135266304 blk_err=  682/24576  batches= 256
[EVAL] receiver=       perfect_csi_lmmse Eb/N0= 5.0 dB BER=5.08183e-04 BLER=1.42822e-02 NMSE=0.00000e+00 bit_err= 68740/135266304 blk_err=  351/24576  batches= 256
[EVAL] receiver=       baseline_ls_lmmse Eb/N0= 6.0 dB BER=6.00192e-04 BLER=1.52221e-02 NMSE=3.53962e-02 bit_err=110679/184406016 blk_err=  510/33504  batches= 349
[EVAL] receiver= baseline_ddcpe_ls_lmmse Eb/N0= 6.0 dB BER=6.05588e-04 BLER=1.54310e-02 NMSE=3.54636e-02 bit_err=111674/184406016 blk_err=  517/33504  batches= 349
[EVAL] receiver=paper_cfgres_phaseaware_ls_lmmse Eb/N0= 6.0 dB BER=8.70991e-04 BLER=2.20272e-02 NMSE=2.82457e-02 bit_err=160616/184406016 blk_err=  738/33504  batches= 349
[EVAL] receiver=           upair5g_lmmse Eb/N0= 6.0 dB BER=1.04986e-04 BLER=2.98472e-03 NMSE=5.09785e-03 bit_err= 19360/184406016 blk_err=  100/33504  batches= 349
[EVAL] receiver=       perfect_csi_lmmse Eb/N0= 6.0 dB BER=4.54269e-05 BLER=1.40282e-03 NMSE=0.00000e+00 bit_err=  8377/184406016 blk_err=   47/33504  batches= 349
[EVAL] receiver=       baseline_ls_lmmse Eb/N0= 7.0 dB BER=5.69118e-05 BLER=1.63778e-03 NMSE=2.88874e-02 bit_err= 30793/541065216 blk_err=  161/98304  batches=1024
[EVAL] receiver= baseline_ddcpe_ls_lmmse Eb/N0= 7.0 dB BER=5.79745e-05 BLER=1.62760e-03 NMSE=2.89341e-02 bit_err= 31368/541065216 blk_err=  160/98304  batches=1024
[EVAL] receiver=paper_cfgres_phaseaware_ls_lmmse Eb/N0= 7.0 dB BER=1.27203e-04 BLER=3.49935e-03 NMSE=2.52436e-02 bit_err= 68825/541065216 blk_err=  344/98304  batches=1024
[EVAL] receiver=           upair5g_lmmse Eb/N0= 7.0 dB BER=8.55719e-06 BLER=2.44141e-04 NMSE=4.26415e-03 bit_err=  4630/541065216 blk_err=   24/98304  batches=1024
[EVAL] receiver=       perfect_csi_lmmse Eb/N0= 7.0 dB BER=3.84796e-06 BLER=1.01725e-04 NMSE=0.00000e+00 bit_err=  2082/541065216 blk_err=   10/98304  batches=1024
[EVAL] receiver=       baseline_ls_lmmse Eb/N0= 8.0 dB BER=6.16377e-06 BLER=1.62760e-04 NMSE=2.37087e-02 bit_err=  3335/541065216 blk_err=   16/98304  batches=1024
[EVAL] receiver= baseline_ddcpe_ls_lmmse Eb/N0= 8.0 dB BER=6.24509e-06 BLER=1.62760e-04 NMSE=2.37383e-02 bit_err=  3379/541065216 blk_err=   16/98304  batches=1024
[EVAL] receiver=paper_cfgres_phaseaware_ls_lmmse Eb/N0= 8.0 dB BER=1.91548e-05 BLER=6.30697e-04 NMSE=2.28983e-02 bit_err= 10364/541065216 blk_err=   62/98304  batches=1024
[EVAL] receiver=           upair5g_lmmse Eb/N0= 8.0 dB BER=3.20479e-06 BLER=4.06901e-05 NMSE=3.59423e-03 bit_err=  1734/541065216 blk_err=    4/98304  batches=1024
[EVAL] receiver=       perfect_csi_lmmse Eb/N0= 8.0 dB BER=2.28993e-06 BLER=4.06901e-05 NMSE=0.00000e+00 bit_err=  1239/541065216 blk_err=    4/98304  batches=1024
[EVAL] receiver=       baseline_ls_lmmse Eb/N0= 9.0 dB BER=1.25308e-06 BLER=3.05176e-05 NMSE=1.96290e-02 bit_err=   678/541065216 blk_err=    3/98304  batches=1024
[EVAL] receiver= baseline_ddcpe_ls_lmmse Eb/N0= 9.0 dB BER=1.28450e-06 BLER=3.05176e-05 NMSE=1.96455e-02 bit_err=   695/541065216 blk_err=    3/98304  batches=1024
[EVAL] receiver=paper_cfgres_phaseaware_ls_lmmse Eb/N0= 9.0 dB BER=4.65563e-06 BLER=1.01725e-04 NMSE=2.10253e-02 bit_err=  2519/541065216 blk_err=   10/98304  batches=1024
[EVAL] receiver=           upair5g_lmmse Eb/N0= 9.0 dB BER=0.00000e+00 BLER=0.00000e+00 NMSE=3.05583e-03 bit_err=     0/541065216 blk_err=    0/98304  batches=1024
[EVAL] receiver=       perfect_csi_lmmse Eb/N0= 9.0 dB BER=0.00000e+00 BLER=0.00000e+00 NMSE=0.00000e+00 bit_err=     0/541065216 blk_err=    0/98304  batches=1024
[EVAL] receiver=       baseline_ls_lmmse Eb/N0=10.0 dB BER=0.00000e+00 BLER=0.00000e+00 NMSE=1.63818e-02 bit_err=     0/541065216 blk_err=    0/98304  batches=1024
[EVAL] receiver= baseline_ddcpe_ls_lmmse Eb/N0=10.0 dB BER=0.00000e+00 BLER=0.00000e+00 NMSE=1.63877e-02 bit_err=     0/541065216 blk_err=    0/98304  batches=1024
[EVAL] receiver=paper_cfgres_phaseaware_ls_lmmse Eb/N0=10.0 dB BER=1.19024e-06 BLER=3.05176e-05 NMSE=1.96069e-02 bit_err=   644/541065216 blk_err=    3/98304  batches=1024
[EVAL] receiver=           upair5g_lmmse Eb/N0=10.0 dB BER=0.00000e+00 BLER=0.00000e+00 NMSE=2.61630e-03 bit_err=     0/541065216 blk_err=    0/98304  batches=1024
[EVAL] receiver=       perfect_csi_lmmse Eb/N0=10.0 dB BER=0.00000e+00 BLER=0.00000e+00 NMSE=0.00000e+00 bit_err=     0/541065216 blk_err=    0/98304  batches=1024
[EVAL] receiver=       baseline_ls_lmmse Eb/N0=11.0 dB BER=0.00000e+00 BLER=0.00000e+00 NMSE=1.37889e-02 bit_err=     0/541065216 blk_err=    0/98304  batches=1024
[EVAL] receiver= baseline_ddcpe_ls_lmmse Eb/N0=11.0 dB BER=0.00000e+00 BLER=0.00000e+00 NMSE=1.37879e-02 bit_err=     0/541065216 blk_err=    0/98304  batches=1024
[EVAL] receiver=paper_cfgres_phaseaware_ls_lmmse Eb/N0=11.0 dB BER=0.00000e+00 BLER=0.00000e+00 NMSE=1.84188e-02 bit_err=     0/541065216 blk_err=    0/98304  batches=1024
[EVAL] receiver=           upair5g_lmmse Eb/N0=11.0 dB BER=0.00000e+00 BLER=0.00000e+00 NMSE=2.25272e-03 bit_err=     0/541065216 blk_err=    0/98304  batches=1024
[EVAL] receiver=       perfect_csi_lmmse Eb/N0=11.0 dB BER=0.00000e+00 BLER=0.00000e+00 NMSE=0.00000e+00 bit_err=     0/541065216 blk_err=    0/98304  batches=1024
[EVAL] receiver=       baseline_ls_lmmse Eb/N0=12.0 dB BER=0.00000e+00 BLER=0.00000e+00 NMSE=1.17527e-02 bit_err=     0/541065216 blk_err=    0/98304  batches=1024
[EVAL] receiver= baseline_ddcpe_ls_lmmse Eb/N0=12.0 dB BER=0.00000e+00 BLER=0.00000e+00 NMSE=1.17462e-02 bit_err=     0/541065216 blk_err=    0/98304  batches=1024
[EVAL] receiver=paper_cfgres_phaseaware_ls_lmmse Eb/N0=12.0 dB BER=5.30435e-07 BLER=1.01725e-05 NMSE=1.76560e-02 bit_err=   287/541065216 blk_err=    1/98304  batches=1024
[EVAL] receiver=           upair5g_lmmse Eb/N0=12.0 dB BER=0.00000e+00 BLER=0.00000e+00 NMSE=1.95944e-03 bit_err=     0/541065216 blk_err=    0/98304  batches=1024
[EVAL] receiver=       perfect_csi_lmmse Eb/N0=12.0 dB BER=0.00000e+00 BLER=0.00000e+00 NMSE=0.00000e+00 bit_err=     0/541065216 blk_err=    0/98304  batches=1024
[EVAL] receiver=       baseline_ls_lmmse Eb/N0=13.0 dB BER=0.00000e+00 BLER=0.00000e+00 NMSE=1.01178e-02 bit_err=     0/541065216 blk_err=    0/98304  batches=1024
[EVAL] receiver= baseline_ddcpe_ls_lmmse Eb/N0=13.0 dB BER=0.00000e+00 BLER=0.00000e+00 NMSE=1.01079e-02 bit_err=     0/541065216 blk_err=    0/98304  batches=1024
[EVAL] receiver=paper_cfgres_phaseaware_ls_lmmse Eb/N0=13.0 dB BER=9.79549e-08 BLER=1.01725e-05 NMSE=1.69955e-02 bit_err=    53/541065216 blk_err=    1/98304  batches=1024
[EVAL] receiver=           upair5g_lmmse Eb/N0=13.0 dB BER=0.00000e+00 BLER=0.00000e+00 NMSE=1.71119e-03 bit_err=     0/541065216 blk_err=    0/98304  batches=1024
[EVAL] receiver=       perfect_csi_lmmse Eb/N0=13.0 dB BER=0.00000e+00 BLER=0.00000e+00 NMSE=0.00000e+00 bit_err=     0/541065216 blk_err=    0/98304  batches=1024
[EVAL] receiver=       baseline_ls_lmmse Eb/N0=14.0 dB BER=0.00000e+00 BLER=0.00000e+00 NMSE=8.83527e-03 bit_err=     0/541065216 blk_err=    0/98304  batches=1024
[EVAL] receiver= baseline_ddcpe_ls_lmmse Eb/N0=14.0 dB BER=0.00000e+00 BLER=0.00000e+00 NMSE=8.82242e-03 bit_err=     0/541065216 blk_err=    0/98304  batches=1024
[EVAL] receiver=paper_cfgres_phaseaware_ls_lmmse Eb/N0=14.0 dB BER=4.25087e-08 BLER=1.01725e-05 NMSE=1.66463e-02 bit_err=    23/541065216 blk_err=    1/98304  batches=1024
[EVAL] receiver=           upair5g_lmmse Eb/N0=14.0 dB BER=0.00000e+00 BLER=0.00000e+00 NMSE=1.50930e-03 bit_err=     0/541065216 blk_err=    0/98304  batches=1024
[EVAL] receiver=       perfect_csi_lmmse Eb/N0=14.0 dB BER=0.00000e+00 BLER=0.00000e+00 NMSE=0.00000e+00 bit_err=     0/541065216 blk_err=    0/98304  batches=1024
{'train': {'output_dir': '/home/rsadve1/PROJECT/Universal_Receiver/outputs/twc_mild_dmrsrich', 'checkpoint_path': '/home/rsadve1/PROJECT/Universal_Receiver/outputs/twc_mild_dmrsrich/checkpoints/best.weights.h5', 'history_path': '/home/rsadve1/PROJECT/Universal_Receiver/outputs/twc_mild_dmrsrich/metrics/history.json'}, 'eval': {'output_dir': '/home/rsadve1/PROJECT/Universal_Receiver/outputs/twc_mild_dmrsrich', 'curves_path': '/home/rsadve1/PROJECT/Universal_Receiver/outputs/twc_mild_dmrsrich/metrics/curves.csv', 'summary_path': '/home/rsadve1/PROJECT/Universal_Receiver/outputs/twc_mild_dmrsrich/metrics/evaluation_summary.json'}, 'plots': {'plots_dir': '/home/rsadve1/PROJECT/Universal_Receiver/outputs/twc_mild_dmrsrich/plots'}}
